<?xml version="1.0" encoding="UTF-8"?>
<testng-results skipped="0" failed="1" ignored="0" total="3" passed="2">
  <reporter-output>
  </reporter-output>
  <suite name="SDET-Training-TestNG-SUITE" duration-ms="93" started-at="2017-07-13T17:01:23Z" finished-at="2017-07-13T17:01:23Z">
    <groups>
    </groups>
    <test name="Test1" duration-ms="47" started-at="2017-07-13T17:01:23Z" finished-at="2017-07-13T17:01:23Z">
      <class name="com.sdettraining.Introduction.TestNGTest">
        <test-method status="PASS" signature="setUp()[pri:0, instance:com.sdettraining.Introduction.TestNGTest@573f2bb1]" name="setUp" is-config="true" duration-ms="16" started-at="2017-07-13T13:01:23Z" finished-at="2017-07-13T13:01:23Z">
          <reporter-output>
          </reporter-output>
        </test-method> <!-- setUp -->
        <test-method status="PASS" signature="tearDown()[pri:0, instance:com.sdettraining.Introduction.TestNGTest@573f2bb1]" name="tearDown" is-config="true" duration-ms="0" started-at="2017-07-13T13:01:23Z" finished-at="2017-07-13T13:01:23Z">
          <reporter-output>
          </reporter-output>
        </test-method> <!-- tearDown -->
        <test-method status="FAIL" signature="TestNGTest1()[pri:0, instance:com.sdettraining.Introduction.TestNGTest@573f2bb1]" name="TestNGTest1" duration-ms="0" started-at="2017-07-13T13:01:23Z" finished-at="2017-07-13T13:01:23Z">
          <exception class="java.lang.AssertionError">
            <message>
              <![CDATA[expected [SDET Trainin] but found [SDET Training]]]>
            </message>
            <full-stacktrace>
              <![CDATA[java.lang.AssertionError: expected [SDET Trainin] but found [SDET Training]
	at org.testng.Assert.fail(Assert.java:93)
	at org.testng.Assert.failNotEquals(Assert.java:512)
	at org.testng.Assert.assertEqualsImpl(Assert.java:134)
	at org.testng.Assert.assertEquals(Assert.java:115)
	at org.testng.Assert.assertEquals(Assert.java:189)
	at org.testng.Assert.assertEquals(Assert.java:199)
	at com.sdettraining.Introduction.TestNGTest.TestNGTest1(TestNGTest.java:28)
	at sun.reflect.NativeMethodAccessorImpl.invoke0(Native Method)
	at sun.reflect.NativeMethodAccessorImpl.invoke(Unknown Source)
	at sun.reflect.DelegatingMethodAccessorImpl.invoke(Unknown Source)
	at java.lang.reflect.Method.invoke(Unknown Source)
	at org.testng.internal.MethodInvocationHelper.invokeMethod(MethodInvocationHelper.java:108)
	at org.testng.internal.Invoker.invokeMethod(Invoker.java:661)
	at org.testng.internal.Invoker.invokeTestMethod(Invoker.java:869)
	at org.testng.internal.Invoker.invokeTestMethods(Invoker.java:1193)
	at org.testng.internal.TestMethodWorker.invokeTestMethods(TestMethodWorker.java:126)
	at org.testng.internal.TestMethodWorker.run(TestMethodWorker.java:109)
	at org.testng.TestRunner.privateRun(TestRunner.java:744)
	at org.testng.TestRunner.run(TestRunner.java:602)
	at org.testng.SuiteRunner.runTest(SuiteRunner.java:380)
	at org.testng.SuiteRunner.runSequentially(SuiteRunner.java:375)
	at org.testng.SuiteRunner.privateRun(SuiteRunner.java:340)
	at org.testng.SuiteRunner.run(SuiteRunner.java:289)
	at org.testng.SuiteRunnerWorker.runSuite(SuiteRunnerWorker.java:52)
	at org.testng.SuiteRunnerWorker.run(SuiteRunnerWorker.java:86)
	at org.testng.TestNG.runSuitesSequentially(TestNG.java:1301)
	at org.testng.TestNG.runSuitesLocally(TestNG.java:1226)
	at org.testng.TestNG.runSuites(TestNG.java:1144)
	at org.testng.TestNG.run(TestNG.java:1115)
	at org.testng.remote.AbstractRemoteTestNG.run(AbstractRemoteTestNG.java:132)
	at org.testng.remote.RemoteTestNG.initAndRun(RemoteTestNG.java:230)
	at org.testng.remote.RemoteTestNG.main(RemoteTestNG.java:76)
]]>
            </full-stacktrace>
          </exception> <!-- java.lang.AssertionError -->
          <reporter-output>
          </reporter-output>
        </test-method> <!-- TestNGTest1 -->
        <test-method status="PASS" signature="setUp()[pri:0, instance:com.sdettraining.Introduction.TestNGTest@573f2bb1]" name="setUp" is-config="true" duration-ms="0" started-at="2017-07-13T13:01:23Z" finished-at="2017-07-13T13:01:23Z">
          <reporter-output>
          </reporter-output>
        </test-method> <!-- setUp -->
        <test-method status="PASS" signature="TestNGTest2()[pri:0, instance:com.sdettraining.Introduction.TestNGTest@573f2bb1]" name="TestNGTest2" duration-ms="0" started-at="2017-07-13T13:01:23Z" finished-at="2017-07-13T13:01:23Z">
          <reporter-output>
          </reporter-output>
        </test-method> <!-- TestNGTest2 -->
        <test-method status="PASS" signature="tearDown()[pri:0, instance:com.sdettraining.Introduction.TestNGTest@573f2bb1]" name="tearDown" is-config="true" duration-ms="0" started-at="2017-07-13T13:01:23Z" finished-at="2017-07-13T13:01:23Z">
          <reporter-output>
          </reporter-output>
        </test-method> <!-- tearDown -->
      </class> <!-- com.sdettraining.Introduction.TestNGTest -->
    </test> <!-- Test1 -->
    <test name="Test2" duration-ms="0" started-at="2017-07-13T17:01:23Z" finished-at="2017-07-13T17:01:23Z">
      <class name="com.sdettraining.Introduction.TestNGAnotherTest">
        <test-method status="PASS" signature="afterMethod()[pri:0, instance:com.sdettraining.Introduction.TestNGAnotherTest@d2cc05a]" name="afterMethod" is-config="true" duration-ms="0" started-at="2017-07-13T13:01:23Z" finished-at="2017-07-13T13:01:23Z">
          <reporter-output>
          </reporter-output>
        </test-method> <!-- afterMethod -->
        <test-method status="PASS" signature="beforeMethod()[pri:0, instance:com.sdettraining.Introduction.TestNGAnotherTest@d2cc05a]" name="beforeMethod" is-config="true" duration-ms="0" started-at="2017-07-13T13:01:23Z" finished-at="2017-07-13T13:01:23Z">
          <reporter-output>
          </reporter-output>
        </test-method> <!-- beforeMethod -->
        <test-method status="PASS" signature="f()[pri:0, instance:com.sdettraining.Introduction.TestNGAnotherTest@d2cc05a]" name="f" duration-ms="0" started-at="2017-07-13T13:01:23Z" finished-at="2017-07-13T13:01:23Z">
          <reporter-output>
          </reporter-output>
        </test-method> <!-- f -->
      </class> <!-- com.sdettraining.Introduction.TestNGAnotherTest -->
    </test> <!-- Test2 -->
  </suite> <!-- SDET-Training-TestNG-SUITE -->
</testng-results>
